<?xml version="1.0" encoding="UTF-8"?>
<testng-results skipped="0" failed="1" ignored="0" total="1" passed="0">
  <reporter-output>
  </reporter-output>
  <suite name="Default suite" duration-ms="103355" started-at="2020-05-01T18:49:21 IST" finished-at="2020-05-01T18:51:05 IST">
    <groups>
    </groups>
    <test name="Default test" duration-ms="103355" started-at="2020-05-01T18:49:21 IST" finished-at="2020-05-01T18:51:05 IST">
      <class name="com.App.Amazon.Test.TestSuite">
        <test-method status="PASS" signature="MagicStudio()[pri:0, instance:com.App.Amazon.Test.TestSuite@cb51256]" name="MagicStudio" is-config="true" duration-ms="27931" started-at="2020-05-01T18:49:21 IST" finished-at="2020-05-01T18:49:49 IST">
          <reporter-output>
          </reporter-output>
        </test-method> <!-- MagicStudio -->
        <test-method status="FAIL" signature="SearchFunctionality(java.lang.String, java.lang.String, java.lang.String)[pri:0, instance:com.App.Amazon.Test.TestSuite@cb51256]" name="SearchFunctionality" duration-ms="75349" started-at="2020-05-01T18:49:49 IST" data-provider="AmazonData" finished-at="2020-05-01T18:51:05 IST">
          <params>
            <param index="0">
              <value>
                <![CDATA[8884741673]]>
              </value>
            </param>
            <param index="1">
              <value>
                <![CDATA[omsairam777]]>
              </value>
            </param>
            <param index="2">
              <value>
                <![CDATA[Rice Bag]]>
              </value>
            </param>
          </params>
          <exception class="java.lang.ArrayIndexOutOfBoundsException">
            <message>
              <![CDATA[-1]]>
            </message>
            <full-stacktrace>
              <![CDATA[java.lang.ArrayIndexOutOfBoundsException: -1
at java.util.ArrayList.elementData(ArrayList.java:422)
at java.util.ArrayList.get(ArrayList.java:435)
at com.App.Amazon.Pages.HomePage.SelectProduct(HomePage.java:63)
at com.App.Amazon.Test.TestSuite.SearchFunctionality(TestSuite.java:38)
at sun.reflect.NativeMethodAccessorImpl.invoke0(Native Method)
at sun.reflect.NativeMethodAccessorImpl.invoke(NativeMethodAccessorImpl.java:62)
at sun.reflect.DelegatingMethodAccessorImpl.invoke(DelegatingMethodAccessorImpl.java:43)
at java.lang.reflect.Method.invoke(Method.java:498)
at org.testng.internal.MethodInvocationHelper.invokeMethod(MethodInvocationHelper.java:133)
at org.testng.internal.TestInvoker.invokeMethod(TestInvoker.java:584)
at org.testng.internal.TestInvoker.invokeTestMethod(TestInvoker.java:172)
at org.testng.internal.MethodRunner.runInSequence(MethodRunner.java:46)
at org.testng.internal.TestInvoker$MethodInvocationAgent.invoke(TestInvoker.java:804)
at org.testng.internal.TestInvoker.invokeTestMethods(TestInvoker.java:145)
at org.testng.internal.TestMethodWorker.invokeTestMethods(TestMethodWorker.java:146)
at org.testng.internal.TestMethodWorker.run(TestMethodWorker.java:128)
at java.util.ArrayList.forEach(ArrayList.java:1257)
at org.testng.TestRunner.privateRun(TestRunner.java:770)
at org.testng.TestRunner.run(TestRunner.java:591)
at org.testng.SuiteRunner.runTest(SuiteRunner.java:402)
at org.testng.SuiteRunner.runSequentially(SuiteRunner.java:396)
at org.testng.SuiteRunner.privateRun(SuiteRunner.java:355)
at org.testng.SuiteRunner.run(SuiteRunner.java:304)
at org.testng.SuiteRunnerWorker.runSuite(SuiteRunnerWorker.java:53)
at org.testng.SuiteRunnerWorker.run(SuiteRunnerWorker.java:96)
at org.testng.TestNG.runSuitesSequentially(TestNG.java:1180)
at org.testng.TestNG.runSuitesLocally(TestNG.java:1102)
at org.testng.TestNG.runSuites(TestNG.java:1032)
at org.testng.TestNG.run(TestNG.java:1000)
at org.testng.remote.AbstractRemoteTestNG.run(AbstractRemoteTestNG.java:115)
at org.testng.remote.RemoteTestNG.initAndRun(RemoteTestNG.java:251)
at org.testng.remote.RemoteTestNG.main(RemoteTestNG.java:77)
]]>
            </full-stacktrace>
          </exception> <!-- java.lang.ArrayIndexOutOfBoundsException -->
          <reporter-output>
          </reporter-output>
        </test-method> <!-- SearchFunctionality -->
      </class> <!-- com.App.Amazon.Test.TestSuite -->
    </test> <!-- Default test -->
  </suite> <!-- Default suite -->
</testng-results>
